{"/home/victor/Documentos/BootCamp/memepedia-badwords/database/database.js": {"path":"/home/victor/Documentos/BootCamp/memepedia-badwords/database/database.js","statementMap":{"0":{"start":{"line":3,"column":17},"end":{"line":3,"column":19}},"1":{"start":{"line":5,"column":19},"end":{"line":11,"column":2}}},"fnMap":{},"branchMap":{},"s":{"0":1,"1":1},"f":{},"b":{},"_coverageSchema":"1a1c01bbd47fc00a2c39e90264f33305004495a9","hash":"67ba4e1e9ae98fcf696df7e7e340f755799d0747"}
,"/home/victor/Documentos/BootCamp/memepedia-badwords/src/repository/memeRepository.js": {"path":"/home/victor/Documentos/BootCamp/memepedia-badwords/src/repository/memeRepository.js","statementMap":{"0":{"start":{"line":5,"column":16},"end":{"line":5,"column":37}},"1":{"start":{"line":6,"column":4},"end":{"line":9,"column":5}},"2":{"start":{"line":7,"column":8},"end":{"line":7,"column":29}},"3":{"start":{"line":8,"column":8},"end":{"line":8,"column":61}},"4":{"start":{"line":11,"column":4},"end":{"line":11,"column":48}},"5":{"start":{"line":15,"column":19},"end":{"line":19,"column":7}},"6":{"start":{"line":20,"column":4},"end":{"line":20,"column":23}}},"fnMap":{"0":{"name":"listMemes","decl":{"start":{"line":3,"column":15},"end":{"line":3,"column":24}},"loc":{"start":{"line":3,"column":33},"end":{"line":12,"column":1}},"line":3},"1":{"name":"insertMeme","decl":{"start":{"line":14,"column":15},"end":{"line":14,"column":25}},"loc":{"start":{"line":14,"column":46},"end":{"line":21,"column":1}},"line":14}},"branchMap":{"0":{"loc":{"start":{"line":6,"column":4},"end":{"line":9,"column":5}},"type":"if","locations":[{"start":{"line":6,"column":4},"end":{"line":9,"column":5}},{"start":{},"end":{}}],"line":6}},"s":{"0":0,"1":0,"2":0,"3":0,"4":0,"5":0,"6":0},"f":{"0":0,"1":0},"b":{"0":[0,0]},"_coverageSchema":"1a1c01bbd47fc00a2c39e90264f33305004495a9","hash":"dc47fd0500708becbe026b109c3e41768eb650db"}
,"/home/victor/Documentos/BootCamp/memepedia-badwords/src/repository/userRepository.js": {"path":"/home/victor/Documentos/BootCamp/memepedia-badwords/src/repository/userRepository.js","statementMap":{"0":{"start":{"line":4,"column":19},"end":{"line":11,"column":7}},"1":{"start":{"line":12,"column":4},"end":{"line":12,"column":23}}},"fnMap":{"0":{"name":"findUserByTokenSession","decl":{"start":{"line":3,"column":15},"end":{"line":3,"column":37}},"loc":{"start":{"line":3,"column":46},"end":{"line":13,"column":1}},"line":3}},"branchMap":{},"s":{"0":0,"1":0},"f":{"0":0},"b":{},"_coverageSchema":"1a1c01bbd47fc00a2c39e90264f33305004495a9","hash":"394c4717912bb624b338e95718ed44712f0a60f4"}
,"/home/victor/Documentos/BootCamp/memepedia-badwords/src/services/memeService.js": {"path":"/home/victor/Documentos/BootCamp/memepedia-badwords/src/services/memeService.js","statementMap":{"0":{"start":{"line":6,"column":0},"end":{"line":6,"column":23}},"1":{"start":{"line":9,"column":4},"end":{"line":14,"column":5}},"2":{"start":{"line":10,"column":8},"end":{"line":13,"column":10}},"3":{"start":{"line":16,"column":18},"end":{"line":16,"column":55}},"4":{"start":{"line":18,"column":4},"end":{"line":23,"column":5}},"5":{"start":{"line":19,"column":8},"end":{"line":22,"column":10}},"6":{"start":{"line":24,"column":4},"end":{"line":27,"column":6}},"7":{"start":{"line":31,"column":27},"end":{"line":31,"column":39}},"8":{"start":{"line":33,"column":17},"end":{"line":33,"column":71}},"9":{"start":{"line":34,"column":4},"end":{"line":39,"column":5}},"10":{"start":{"line":35,"column":8},"end":{"line":38,"column":10}},"11":{"start":{"line":40,"column":21},"end":{"line":40,"column":47}},"12":{"start":{"line":41,"column":20},"end":{"line":41,"column":78}},"13":{"start":{"line":42,"column":4},"end":{"line":45,"column":6}}},"fnMap":{"0":{"name":"listMemes","decl":{"start":{"line":8,"column":15},"end":{"line":8,"column":24}},"loc":{"start":{"line":8,"column":32},"end":{"line":28,"column":1}},"line":8},"1":{"name":"insertMeme","decl":{"start":{"line":30,"column":15},"end":{"line":30,"column":25}},"loc":{"start":{"line":30,"column":48},"end":{"line":46,"column":1}},"line":30}},"branchMap":{"0":{"loc":{"start":{"line":9,"column":4},"end":{"line":14,"column":5}},"type":"if","locations":[{"start":{"line":9,"column":4},"end":{"line":14,"column":5}},{"start":{},"end":{}}],"line":9},"1":{"loc":{"start":{"line":18,"column":4},"end":{"line":23,"column":5}},"type":"if","locations":[{"start":{"line":18,"column":4},"end":{"line":23,"column":5}},{"start":{},"end":{}}],"line":18},"2":{"loc":{"start":{"line":34,"column":4},"end":{"line":39,"column":5}},"type":"if","locations":[{"start":{"line":34,"column":4},"end":{"line":39,"column":5}},{"start":{},"end":{}}],"line":34}},"s":{"0":1,"1":4,"2":1,"3":3,"4":3,"5":1,"6":2,"7":2,"8":2,"9":2,"10":1,"11":1,"12":1,"13":1},"f":{"0":4,"1":2},"b":{"0":[1,3],"1":[1,2],"2":[1,1]},"_coverageSchema":"1a1c01bbd47fc00a2c39e90264f33305004495a9","hash":"6a949e11f2b14d6e6472cf752b84df786d83ede9"}
}
