TN:
SF:database/database.js
FNF:0
FNH:0
DA:3,1
DA:5,1
LF:2
LH:2
BRF:0
BRH:0
end_of_record
TN:
SF:src/repository/memeRepository.js
FN:3,listMemes
FN:14,insertMeme
FNF:2
FNH:0
FNDA:0,listMemes
FNDA:0,insertMeme
DA:5,0
DA:6,0
DA:7,0
DA:8,0
DA:11,0
DA:15,0
DA:20,0
LF:7
LH:0
BRDA:6,0,0,0
BRDA:6,0,1,0
BRF:2
BRH:0
end_of_record
TN:
SF:src/repository/userRepository.js
FN:3,findUserByTokenSession
FNF:1
FNH:0
FNDA:0,findUserByTokenSession
DA:4,0
DA:12,0
LF:2
LH:0
BRF:0
BRH:0
end_of_record
TN:
SF:src/services/memeService.js
FN:8,listMemes
FN:30,insertMeme
FNF:2
FNH:2
FNDA:4,listMemes
FNDA:2,insertMeme
DA:6,1
DA:9,4
DA:10,1
DA:16,3
DA:18,3
DA:19,1
DA:24,2
DA:31,2
DA:33,2
DA:34,2
DA:35,1
DA:40,1
DA:41,1
DA:42,1
LF:14
LH:14
BRDA:9,0,0,1
BRDA:9,0,1,3
BRDA:18,1,0,1
BRDA:18,1,1,2
BRDA:34,2,0,1
BRDA:34,2,1,1
BRF:6
BRH:6
end_of_record
